<component name="ProjectRunConfigurationManager">
  <configuration default="false" name="Junit" type="AndroidJUnit" factoryName="Android JUnit">
    <module name="src" />
    <useClassPathOnly />
    <option name="MAIN_CLASS_NAME" value="" />
    <option name="METHOD_NAME" value="" />
    <option name="TEST_OBJECT" value="class" />
    <option name="PARAMETERS" value="" />
    <option name="WORKING_DIRECTORY" value="$MODULE_DIR$" />
    <method v="2">
      <option name="Make" enabled="true" />
    </method>
  </configuration>
</component>